<?xml version="1.0" encoding="UTF-8"?>
<!-- Generated by org.testng.reporters.JUnitXMLReporter -->
<testsuite ignored="0" hostname="R2D2" failures="1" tests="1" name="ChromeTest" time="27.25" errors="0" timestamp="2025-04-03T06:02:30 IST">
  <testcase classname="testbase.BaseClass" name="@AfterClass tearDown" time="0.223">
    <failure type="org.openqa.selenium.WebDriverException" message="Unable to execute request for an existing session: java.io.IOException: HTTP/1.1 header parser received no bytes
Build info: version: &amp;apos;4.29.0&amp;apos;, revision: &amp;apos;5fc1ec94cb&amp;apos;
System info: os.name: &amp;apos;Windows 11&amp;apos;, os.arch: &amp;apos;amd64&amp;apos;, os.version: &amp;apos;10.0&amp;apos;, java.version: &amp;apos;22.0.1&amp;apos;
Driver info: org.openqa.selenium.remote.RemoteWebDriver
Command: [b7b6ef314ce89bcd64a30d77ff689806, quit {}]
Capabilities {acceptInsecureCerts: false, browserName: MicrosoftEdge, browserVersion: 134.0.3124.93, fedcm:accounts: true, ms:edgeOptions: {debuggerAddress: localhost:59496}, msedge: {msedgedriverVersion: 134.0.3124.93 (a9facff5fd6c..., userDataDir: C:\Users\mohit\AppData\Loca...}, networkConnectionEnabled: false, pageLoadStrategy: normal, platformName: Windows 11, proxy: Proxy(), se:bidiEnabled: false, se:cdp: ws://192.168.1.6:4444/sessi..., se:cdpVersion: 134.0.3124.93, setWindowRect: true, strictFileInteractability: false, timeouts: {implicit: 0, pageLoad: 300000, script: 30000}, unhandledPromptBehavior: dismiss and notify, webauthn:extension:credBlob: true, webauthn:extension:largeBlob: true, webauthn:extension:minPinLength: true, webauthn:extension:prf: true, webauthn:virtualAuthenticators: true}
Session ID: b7b6ef314ce89bcd64a30d77ff689806">
      <![CDATA[org.openqa.selenium.WebDriverException: Unable to execute request for an existing session: java.io.IOException: HTTP/1.1 header parser received no bytes
Build info: version: '4.29.0', revision: '5fc1ec94cb'
System info: os.name: 'Windows 11', os.arch: 'amd64', os.version: '10.0', java.version: '22.0.1'
Driver info: org.openqa.selenium.remote.RemoteWebDriver
Command: [b7b6ef314ce89bcd64a30d77ff689806, quit {}]
Capabilities {acceptInsecureCerts: false, browserName: MicrosoftEdge, browserVersion: 134.0.3124.93, fedcm:accounts: true, ms:edgeOptions: {debuggerAddress: localhost:59496}, msedge: {msedgedriverVersion: 134.0.3124.93 (a9facff5fd6c..., userDataDir: C:\Users\mohit\AppData\Loca...}, networkConnectionEnabled: false, pageLoadStrategy: normal, platformName: Windows 11, proxy: Proxy(), se:bidiEnabled: false, se:cdp: ws://192.168.1.6:4444/sessi..., se:cdpVersion: 134.0.3124.93, setWindowRect: true, strictFileInteractability: false, timeouts: {implicit: 0, pageLoad: 300000, script: 30000}, unhandledPromptBehavior: dismiss and notify, webauthn:extension:credBlob: true, webauthn:extension:largeBlob: true, webauthn:extension:minPinLength: true, webauthn:extension:prf: true, webauthn:virtualAuthenticators: true}
Session ID: b7b6ef314ce89bcd64a30d77ff689806
at org.openqa.selenium.remote.ErrorCodec.decode(ErrorCodec.java:167)
at org.openqa.selenium.remote.codec.w3c.W3CHttpResponseCodec.decode(W3CHttpResponseCodec.java:138)
at org.openqa.selenium.remote.codec.w3c.W3CHttpResponseCodec.decode(W3CHttpResponseCodec.java:50)
at org.openqa.selenium.remote.HttpCommandExecutor.execute(HttpCommandExecutor.java:215)
at org.openqa.selenium.remote.TracedCommandExecutor.execute(TracedCommandExecutor.java:53)
at org.openqa.selenium.remote.RemoteWebDriver.execute(RemoteWebDriver.java:545)
at org.openqa.selenium.remote.RemoteWebDriver.execute(RemoteWebDriver.java:618)
at org.openqa.selenium.remote.RemoteWebDriver.execute(RemoteWebDriver.java:622)
at org.openqa.selenium.remote.RemoteWebDriver.quit(RemoteWebDriver.java:446)
at testbase.BaseClass.tearDown(BaseClass.java:96)
at java.base/java.util.ArrayList.forEach(ArrayList.java:1597)
at java.base/java.util.concurrent.FutureTask.run(FutureTask.java:317)
at java.base/java.util.concurrent.ThreadPoolExecutor.runWorker(ThreadPoolExecutor.java:1144)
at java.base/java.util.concurrent.ThreadPoolExecutor$Worker.run(ThreadPoolExecutor.java:642)
at java.base/java.lang.Thread.run(Thread.java:1570)
... Removed 17 stack frames]]>
    </failure>
  </testcase> <!-- @AfterClass tearDown -->
  <testcase classname="testbase.BaseClass" name="@AfterClass tearDown" time="1.367">
    <failure type="org.openqa.selenium.remote.UnreachableBrowserException" message="Error communicating with the remote browser. It may have died.
Build info: version: &amp;apos;4.29.0&amp;apos;, revision: &amp;apos;5fc1ec94cb&amp;apos;
System info: os.name: &amp;apos;Windows 11&amp;apos;, os.arch: &amp;apos;amd64&amp;apos;, os.version: &amp;apos;10.0&amp;apos;, java.version: &amp;apos;22.0.1&amp;apos;
Driver info: org.openqa.selenium.remote.RemoteWebDriver
Command: [b7b6ef314ce89bcd64a30d77ff689806, quit []]
Capabilities {acceptInsecureCerts: false, browserName: MicrosoftEdge, browserVersion: 134.0.3124.93, fedcm:accounts: true, ms:edgeOptions: {debuggerAddress: localhost:59496}, msedge: {msedgedriverVersion: 134.0.3124.93 (a9facff5fd6c..., userDataDir: C:\Users\mohit\AppData\Loca...}, networkConnectionEnabled: false, pageLoadStrategy: normal, platformName: Windows 11, proxy: Proxy(), se:bidiEnabled: false, se:cdp: ws://192.168.1.6:4444/sessi..., se:cdpVersion: 134.0.3124.93, setWindowRect: true, strictFileInteractability: false, timeouts: {implicit: 0, pageLoad: 300000, script: 30000}, unhandledPromptBehavior: dismiss and notify, webauthn:extension:credBlob: true, webauthn:extension:largeBlob: true, webauthn:extension:minPinLength: true, webauthn:extension:prf: true, webauthn:virtualAuthenticators: true}">
      <![CDATA[org.openqa.selenium.remote.UnreachableBrowserException: Error communicating with the remote browser. It may have died.
Build info: version: '4.29.0', revision: '5fc1ec94cb'
System info: os.name: 'Windows 11', os.arch: 'amd64', os.version: '10.0', java.version: '22.0.1'
Driver info: org.openqa.selenium.remote.RemoteWebDriver
Command: [b7b6ef314ce89bcd64a30d77ff689806, quit []]
Capabilities {acceptInsecureCerts: false, browserName: MicrosoftEdge, browserVersion: 134.0.3124.93, fedcm:accounts: true, ms:edgeOptions: {debuggerAddress: localhost:59496}, msedge: {msedgedriverVersion: 134.0.3124.93 (a9facff5fd6c..., userDataDir: C:\Users\mohit\AppData\Loca...}, networkConnectionEnabled: false, pageLoadStrategy: normal, platformName: Windows 11, proxy: Proxy(), se:bidiEnabled: false, se:cdp: ws://192.168.1.6:4444/sessi..., se:cdpVersion: 134.0.3124.93, setWindowRect: true, strictFileInteractability: false, timeouts: {implicit: 0, pageLoad: 300000, script: 30000}, unhandledPromptBehavior: dismiss and notify, webauthn:extension:credBlob: true, webauthn:extension:largeBlob: true, webauthn:extension:minPinLength: true, webauthn:extension:prf: true, webauthn:virtualAuthenticators: true}
at org.openqa.selenium.remote.RemoteWebDriver.execute(RemoteWebDriver.java:572)
at org.openqa.selenium.remote.RemoteWebDriver.execute(RemoteWebDriver.java:618)
at org.openqa.selenium.remote.RemoteWebDriver.execute(RemoteWebDriver.java:622)
at org.openqa.selenium.remote.RemoteWebDriver.quit(RemoteWebDriver.java:446)
at testbase.BaseClass.tearDown(BaseClass.java:96)
at java.base/java.util.ArrayList.forEach(ArrayList.java:1597)
at java.base/java.util.concurrent.FutureTask.run(FutureTask.java:317)
at java.base/java.util.concurrent.ThreadPoolExecutor.runWorker(ThreadPoolExecutor.java:1144)
at java.base/java.util.concurrent.ThreadPoolExecutor$Worker.run(ThreadPoolExecutor.java:642)
at java.base/java.lang.Thread.run(Thread.java:1570)
Caused by: java.io.UncheckedIOException: java.io.IOException: Task jdk.internal.net.http.common.SequentialScheduler$SchedulableTask@5bfba83b rejected from java.util.concurrent.ThreadPoolExecutor@7d17df77[Shutting down, pool size = 2, active threads = 2, queued tasks = 0, completed tasks = 104]
at org.openqa.selenium.remote.http.jdk.JdkHttpClient.execute0(JdkHttpClient.java:497)
at org.openqa.selenium.remote.http.AddSeleniumUserAgent.lambda$apply$0(AddSeleniumUserAgent.java:42)
at org.openqa.selenium.remote.http.Filter.lambda$andFinally$1(Filter.java:55)
at org.openqa.selenium.remote.http.jdk.JdkHttpClient.lambda$executeAsync$1(JdkHttpClient.java:384)
at java.base/java.util.concurrent.Executors$RunnableAdapter.call(Executors.java:572)
... 4 more
Caused by: java.io.IOException: Task jdk.internal.net.http.common.SequentialScheduler$SchedulableTask@5bfba83b rejected from java.util.concurrent.ThreadPoolExecutor@7d17df77[Shutting down, pool size = 2, active threads = 2, queued tasks = 0, completed tasks = 104]
at java.net.http/jdk.internal.net.http.HttpClientImpl.send(HttpClientImpl.java:971)
at java.net.http/jdk.internal.net.http.HttpClientFacade.send(HttpClientFacade.java:133)
at org.openqa.selenium.remote.http.jdk.JdkHttpClient.execute0(JdkHttpClient.java:456)
... 8 more
Caused by: java.util.concurrent.RejectedExecutionException: Task jdk.internal.net.http.common.SequentialScheduler$SchedulableTask@5bfba83b rejected from java.util.concurrent.ThreadPoolExecutor@7d17df77[Shutting down, pool size = 2, active threads = 2, queued tasks = 0, completed tasks = 104]
at java.base/java.util.concurrent.ThreadPoolExecutor$AbortPolicy.rejectedExecution(ThreadPoolExecutor.java:2081)
at java.base/java.util.concurrent.ThreadPoolExecutor.reject(ThreadPoolExecutor.java:841)
at java.base/java.util.concurrent.ThreadPoolExecutor.execute(ThreadPoolExecutor.java:1376)
at java.net.http/jdk.internal.net.http.HttpClientImpl$DelegatingExecutor.ensureExecutedAsync(HttpClientImpl.java:184)
at java.net.http/jdk.internal.net.http.HttpClientImpl$DelegatingExecutor.execute(HttpClientImpl.java:176)
at java.net.http/jdk.internal.net.http.common.SequentialScheduler.runOrSchedule(SequentialScheduler.java:282)
at java.net.http/jdk.internal.net.http.common.SequentialScheduler.runOrSchedule(SequentialScheduler.java:251)
at java.net.http/jdk.internal.net.http.Http1AsyncReceiver.asyncReceive(Http1AsyncReceiver.java:468)
at java.net.http/jdk.internal.net.http.Http1AsyncReceiver$Http1TubeSubscriber.onNext(Http1AsyncReceiver.java:589)
at java.net.http/jdk.internal.net.http.Http1AsyncReceiver$Http1TubeSubscriber.onNext(Http1AsyncReceiver.java:546)
at java.net.http/jdk.internal.net.http.SocketTube$InternalReadPublisher$InternalReadSubscription.read(SocketTube.java:865)
at java.net.http/jdk.internal.net.http.SocketTube$SocketFlowTask.run(SocketTube.java:181)
at java.net.http/jdk.internal.net.http.common.SequentialScheduler$SchedulableTask.run(SequentialScheduler.java:207)
at java.net.http/jdk.internal.net.http.common.SequentialScheduler.runOrSchedule(SequentialScheduler.java:280)
at java.net.http/jdk.internal.net.http.common.SequentialScheduler.runOrSchedule(SequentialScheduler.java:233)
at java.net.http/jdk.internal.net.http.SocketTube$InternalReadPublisher$InternalReadSubscription.signalReadable(SocketTube.java:782)
at java.net.http/jdk.internal.net.http.SocketTube$InternalReadPublisher$ReadEvent.signalEvent(SocketTube.java:965)
at java.net.http/jdk.internal.net.http.SocketTube$SocketFlowEvent.handle(SocketTube.java:253)
at java.net.http/jdk.internal.net.http.HttpClientImpl$SelectorManager.handleEvent(HttpClientImpl.java:1476)
at java.net.http/jdk.internal.net.http.HttpClientImpl$SelectorManager.lambda$run$3(HttpClientImpl.java:1421)
at java.base/java.util.ArrayList.forEach(ArrayList.java:1597)
at java.net.http/jdk.internal.net.http.HttpClientImpl$SelectorManager.run(HttpClientImpl.java:1421)
... Removed 14 stack frames]]>
    </failure>
  </testcase> <!-- @AfterClass tearDown -->
  <testcase classname="testCases.TC001_AccountRegistrationTest" name="verify_account_registration" time="11.17">
    <failure type="java.lang.AssertionError" message="Test failed: element not interactable
  (Session info: MicrosoftEdge=134.0.3124.93)
Build info: version: &amp;apos;4.29.0&amp;apos;, revision: &amp;apos;5fc1ec94cb&amp;apos;
System info: os.name: &amp;apos;Windows 11&amp;apos;, os.arch: &amp;apos;amd64&amp;apos;, os.version: &amp;apos;10.0&amp;apos;, java.version: &amp;apos;22.0.1&amp;apos;
Driver info: org.openqa.selenium.remote.RemoteWebDriver
Command: [b7b6ef314ce89bcd64a30d77ff689806, clickElement {id=f.AC0018C68BBA62A9E6443A8044209009.d.B066CF16049FB783B92BEE3C7AA8FC56.e.82}]
Capabilities {acceptInsecureCerts: false, browserName: MicrosoftEdge, browserVersion: 134.0.3124.93, fedcm:accounts: true, ms:edgeOptions: {debuggerAddress: localhost:59496}, msedge: {msedgedriverVersion: 134.0.3124.93 (a9facff5fd6c..., userDataDir: C:\Users\mohit\AppData\Loca...}, networkConnectionEnabled: false, pageLoadStrategy: normal, platformName: Windows 11, proxy: Proxy(), se:bidiEnabled: false, se:cdp: ws://192.168.1.6:4444/sessi..., se:cdpVersion: 134.0.3124.93, setWindowRect: true, strictFileInteractability: false, timeouts: {implicit: 0, pageLoad: 300000, script: 30000}, unhandledPromptBehavior: dismiss and notify, webauthn:extension:credBlob: true, webauthn:extension:largeBlob: true, webauthn:extension:minPinLength: true, webauthn:extension:prf: true, webauthn:virtualAuthenticators: true}
Element: [[RemoteWebDriver: MicrosoftEdge on Windows 11 (b7b6ef314ce89bcd64a30d77ff689806)] -&amp;gt; xpath: //a[normalize-space()=&amp;apos;Register&amp;apos;]]
Session ID: b7b6ef314ce89bcd64a30d77ff689806">
      <![CDATA[java.lang.AssertionError: Test failed: element not interactable
  (Session info: MicrosoftEdge=134.0.3124.93)
Build info: version: '4.29.0', revision: '5fc1ec94cb'
System info: os.name: 'Windows 11', os.arch: 'amd64', os.version: '10.0', java.version: '22.0.1'
Driver info: org.openqa.selenium.remote.RemoteWebDriver
Command: [b7b6ef314ce89bcd64a30d77ff689806, clickElement {id=f.AC0018C68BBA62A9E6443A8044209009.d.B066CF16049FB783B92BEE3C7AA8FC56.e.82}]
Capabilities {acceptInsecureCerts: false, browserName: MicrosoftEdge, browserVersion: 134.0.3124.93, fedcm:accounts: true, ms:edgeOptions: {debuggerAddress: localhost:59496}, msedge: {msedgedriverVersion: 134.0.3124.93 (a9facff5fd6c..., userDataDir: C:\Users\mohit\AppData\Loca...}, networkConnectionEnabled: false, pageLoadStrategy: normal, platformName: Windows 11, proxy: Proxy(), se:bidiEnabled: false, se:cdp: ws://192.168.1.6:4444/sessi..., se:cdpVersion: 134.0.3124.93, setWindowRect: true, strictFileInteractability: false, timeouts: {implicit: 0, pageLoad: 300000, script: 30000}, unhandledPromptBehavior: dismiss and notify, webauthn:extension:credBlob: true, webauthn:extension:largeBlob: true, webauthn:extension:minPinLength: true, webauthn:extension:prf: true, webauthn:virtualAuthenticators: true}
Element: [[RemoteWebDriver: MicrosoftEdge on Windows 11 (b7b6ef314ce89bcd64a30d77ff689806)] -> xpath: //a[normalize-space()='Register']]
Session ID: b7b6ef314ce89bcd64a30d77ff689806
at testCases.TC001_AccountRegistrationTest.verify_account_registration(TC001_AccountRegistrationTest.java:45)
at java.base/java.util.ArrayList.forEach(ArrayList.java:1597)
at java.base/java.util.concurrent.FutureTask.run(FutureTask.java:317)
at java.base/java.util.concurrent.ThreadPoolExecutor.runWorker(ThreadPoolExecutor.java:1144)
at java.base/java.util.concurrent.ThreadPoolExecutor$Worker.run(ThreadPoolExecutor.java:642)
at java.base/java.lang.Thread.run(Thread.java:1570)
... Removed 16 stack frames]]>
    </failure>
  </testcase> <!-- verify_account_registration -->
</testsuite> <!-- ChromeTest -->
